Arguments: 
  C:\Program Files\nodejs\node.exe C:\Users\l1553\AppData\Roaming\npm\node_modules\yarn\bin\yarn.js init

PATH: 
  C:\Program Files\Git\mingw64\bin;C:\Program Files\Git\usr\bin;C:\Users\l1553\bin;F:\vm\vm\bin;F:\Java\jdk-8.0.282.8-openj9\bin;C:\Python310\Scripts;C:\Python310;C:\Windows\system32;C:\Windows;C:\Windows\System32\Wbem;C:\Windows\System32\WindowsPowerShell\v1.0;C:\Windows\System32\OpenSSH;C:\Program Files (x86)\NVIDIA Corporation\PhysX\Common;C:\Program Files\NVIDIA Corporation\NVIDIA NGX;C:\Program Files\NVIDIA Corporation\NVIDIA NvDLISR;C:\Program Files (x86)\Intel\Intel(R) Management Engine Components\DAL;C:\Program Files\Intel\Intel(R) Management Engine Components\DAL;C:\Program Files\Intel\WiFi\bin;C:\Program Files\Common Files\Intel\WirelessCommon;C:\WINDOWS\system32;C:\WINDOWS;C:\WINDOWS\System32\Wbem;C:\WINDOWS\System32\WindowsPowerShell\v1.0;C:\WINDOWS\System32\OpenSSH;C:\Program Files\TortoiseSVN\bin;C:\ProgramData\chocolatey\bin;C:\Program Files\Git\cmd;C:\WINDOWS\system32\config\systemprofile\AppData\Local\Microsoft\WindowsApps;C:\Users\l1553\AppData\Roaming\npm;C:\Users\l1553\AppData\Roaming\npm\node_modules\yarn;F:\Xshell7;F:\Xftp7;F:\spss\JRE\bin;C:\Program Files\nodejs;C:\Users\l1553\.rustup;C:\WINDOWS\system32\config\systemprofile\.cargo\bin;C:\Users\l1553\.cargo\bin;C:\Users\l1553\AppData\Local\Microsoft\WindowsApps;C:\Program Files\JetBrains\IntelliJ IDEA 2021.2\bin;C:\Program Files\Bandizip;C:\Users\l1553\AppData\Local\Programs\Microsoft VS Code\bin;C:\Users\l1553\AppData\Local\GitHubDesktop\bin;C:\Users\l1553\AppData\Roaming\npm

Yarn version: 
  1.22.17

Node version: 
  16.13.0

Platform: 
  win32 x64

Trace: 
  Error: canceled
      at Interface.<anonymous> (C:\Users\l1553\AppData\Roaming\npm\node_modules\yarn\lib\cli.js:137143:13)
      at Interface.emit (node:events:390:28)
      at Interface._ttyWrite (node:readline:1081:16)
      at ReadStream.onkeypress (node:readline:288:10)
      at ReadStream.emit (node:events:390:28)
      at emitKeys (node:internal/readline/utils:358:14)
      at emitKeys.next (<anonymous>)
      at ReadStream.onData (node:internal/readline/emitKeypressEvents:61:36)
      at ReadStream.emit (node:events:390:28)
      at addChunk (node:internal/streams/readable:315:12)

npm manifest: 
  No manifest

yarn manifest: 
  No manifest

Lockfile: 
  No lockfile
