[2022-04-26T20:43:13.641] [INFO] default - Start to sync all of the models... If the models already exists, it will not sync.
[2022-04-26T20:43:14.252] [DEBUG] default - Executing (default): SELECT 1+1 AS result
[2022-04-26T20:43:14.253] [DEBUG] default - Executing (default): CREATE TABLE IF NOT EXISTS `rules` (`id` INTEGER NOT NULL auto_increment , `role_id` VARCHAR(255) NOT NULL, `guild_id` VARCHAR(255) NOT NULL, `token_id` VARCHAR(255) NOT NULL, `amount` VARCHAR(255) NOT NULL, `createdAt` DATETIME NOT NULL, `updatedAt` DATETIME NOT NULL, PRIMARY KEY (`id`)) ENGINE=InnoDB;
[2022-04-26T20:43:14.262] [INFO] default - Connection has been established successfully.
[2022-04-26T20:43:14.264] [DEBUG] default - Executing (default): SHOW FULL COLUMNS FROM `rules`;
[2022-04-26T20:43:14.265] [DEBUG] default - Executing (default): SELECT CONSTRAINT_NAME as constraint_name,CONSTRAINT_NAME as constraintName,CONSTRAINT_SCHEMA as constraintSchema,CONSTRAINT_SCHEMA as constraintCatalog,TABLE_NAME as tableName,TABLE_SCHEMA as tableSchema,TABLE_SCHEMA as tableCatalog,COLUMN_NAME as columnName,REFERENCED_TABLE_SCHEMA as referencedTableSchema,REFERENCED_TABLE_SCHEMA as referencedTableCatalog,REFERENCED_TABLE_NAME as referencedTableName,REFERENCED_COLUMN_NAME as referencedColumnName FROM INFORMATION_SCHEMA.KEY_COLUMN_USAGE where TABLE_NAME = 'rules' AND CONSTRAINT_NAME!='PRIMARY' AND CONSTRAINT_SCHEMA='discord_server' AND REFERENCED_TABLE_NAME IS NOT NULL;
[2022-04-26T20:43:14.279] [DEBUG] default - Executing (default): ALTER TABLE `rules` CHANGE `role_id` `role_id` VARCHAR(255) NOT NULL;
[2022-04-26T20:43:14.292] [DEBUG] default - Executing (default): ALTER TABLE `rules` CHANGE `guild_id` `guild_id` VARCHAR(255) NOT NULL;
[2022-04-26T20:43:14.305] [DEBUG] default - Executing (default): ALTER TABLE `rules` CHANGE `token_id` `token_id` VARCHAR(255) NOT NULL;
[2022-04-26T20:43:14.318] [DEBUG] default - Executing (default): ALTER TABLE `rules` CHANGE `amount` `amount` VARCHAR(255) NOT NULL;
[2022-04-26T20:43:14.331] [DEBUG] default - Executing (default): ALTER TABLE `rules` CHANGE `createdAt` `createdAt` DATETIME NOT NULL;
[2022-04-26T20:43:14.345] [DEBUG] default - Executing (default): ALTER TABLE `rules` CHANGE `updatedAt` `updatedAt` DATETIME NOT NULL;
[2022-04-26T20:43:14.357] [DEBUG] default - Executing (default): SHOW INDEX FROM `rules`
[2022-04-26T20:43:14.370] [DEBUG] default - Executing (default): CREATE TABLE IF NOT EXISTS `user_infos` (`id` INTEGER NOT NULL auto_increment , `user_id` VARCHAR(255) NOT NULL, `guild_id` VARCHAR(255) NOT NULL, `near_wallet_id` VARCHAR(255), `nonce` BIGINT NOT NULL, `createdAt` DATETIME NOT NULL, `updatedAt` DATETIME NOT NULL, PRIMARY KEY (`id`)) ENGINE=InnoDB;
[2022-04-26T20:43:14.382] [DEBUG] default - Executing (default): SHOW FULL COLUMNS FROM `user_infos`;
[2022-04-26T20:43:14.383] [DEBUG] default - Executing (default): SELECT CONSTRAINT_NAME as constraint_name,CONSTRAINT_NAME as constraintName,CONSTRAINT_SCHEMA as constraintSchema,CONSTRAINT_SCHEMA as constraintCatalog,TABLE_NAME as tableName,TABLE_SCHEMA as tableSchema,TABLE_SCHEMA as tableCatalog,COLUMN_NAME as columnName,REFERENCED_TABLE_SCHEMA as referencedTableSchema,REFERENCED_TABLE_SCHEMA as referencedTableCatalog,REFERENCED_TABLE_NAME as referencedTableName,REFERENCED_COLUMN_NAME as referencedColumnName FROM INFORMATION_SCHEMA.KEY_COLUMN_USAGE where TABLE_NAME = 'user_infos' AND CONSTRAINT_NAME!='PRIMARY' AND CONSTRAINT_SCHEMA='discord_server' AND REFERENCED_TABLE_NAME IS NOT NULL;
[2022-04-26T20:43:14.396] [DEBUG] default - Executing (default): ALTER TABLE `user_infos` CHANGE `user_id` `user_id` VARCHAR(255) NOT NULL;
[2022-04-26T20:43:14.409] [DEBUG] default - Executing (default): ALTER TABLE `user_infos` CHANGE `guild_id` `guild_id` VARCHAR(255) NOT NULL;
[2022-04-26T20:43:14.423] [DEBUG] default - Executing (default): ALTER TABLE `user_infos` CHANGE `near_wallet_id` `near_wallet_id` VARCHAR(255);
[2022-04-26T20:43:14.443] [DEBUG] default - Executing (default): ALTER TABLE `user_infos` CHANGE `nonce` `nonce` BIGINT NOT NULL;
[2022-04-26T20:43:14.457] [DEBUG] default - Executing (default): ALTER TABLE `user_infos` CHANGE `createdAt` `createdAt` DATETIME NOT NULL;
[2022-04-26T20:43:14.470] [DEBUG] default - Executing (default): ALTER TABLE `user_infos` CHANGE `updatedAt` `updatedAt` DATETIME NOT NULL;
[2022-04-26T20:43:14.482] [DEBUG] default - Executing (default): SHOW INDEX FROM `user_infos`
[2022-04-26T20:43:14.494] [DEBUG] default - Executing (default): CREATE TABLE IF NOT EXISTS `user_fields` (`id` INTEGER NOT NULL auto_increment , `near_wallet_id` VARCHAR(255) NOT NULL, `key` VARCHAR(255) NOT NULL, `value` VARCHAR(255) NOT NULL, `createdAt` DATETIME NOT NULL, `updatedAt` DATETIME NOT NULL, PRIMARY KEY (`id`)) ENGINE=InnoDB;
[2022-04-26T20:43:14.505] [DEBUG] default - Executing (default): SHOW FULL COLUMNS FROM `user_fields`;
[2022-04-26T20:43:14.506] [DEBUG] default - Executing (default): SELECT CONSTRAINT_NAME as constraint_name,CONSTRAINT_NAME as constraintName,CONSTRAINT_SCHEMA as constraintSchema,CONSTRAINT_SCHEMA as constraintCatalog,TABLE_NAME as tableName,TABLE_SCHEMA as tableSchema,TABLE_SCHEMA as tableCatalog,COLUMN_NAME as columnName,REFERENCED_TABLE_SCHEMA as referencedTableSchema,REFERENCED_TABLE_SCHEMA as referencedTableCatalog,REFERENCED_TABLE_NAME as referencedTableName,REFERENCED_COLUMN_NAME as referencedColumnName FROM INFORMATION_SCHEMA.KEY_COLUMN_USAGE where TABLE_NAME = 'user_fields' AND CONSTRAINT_NAME!='PRIMARY' AND CONSTRAINT_SCHEMA='discord_server' AND REFERENCED_TABLE_NAME IS NOT NULL;
[2022-04-26T20:43:14.518] [DEBUG] default - Executing (default): ALTER TABLE `user_fields` CHANGE `near_wallet_id` `near_wallet_id` VARCHAR(255) NOT NULL;
[2022-04-26T20:43:14.531] [DEBUG] default - Executing (default): ALTER TABLE `user_fields` CHANGE `key` `key` VARCHAR(255) NOT NULL;
[2022-04-26T20:43:14.544] [DEBUG] default - Executing (default): ALTER TABLE `user_fields` CHANGE `value` `value` VARCHAR(255) NOT NULL;
[2022-04-26T20:43:14.556] [DEBUG] default - Executing (default): ALTER TABLE `user_fields` CHANGE `createdAt` `createdAt` DATETIME NOT NULL;
[2022-04-26T20:43:14.568] [DEBUG] default - Executing (default): ALTER TABLE `user_fields` CHANGE `updatedAt` `updatedAt` DATETIME NOT NULL;
[2022-04-26T20:43:14.580] [DEBUG] default - Executing (default): SHOW INDEX FROM `user_fields`
[2022-04-26T20:43:14.592] [INFO] default - Sync finished.
[2022-04-26T20:43:15.088] [INFO] default - Ready!
[2022-04-26T20:43:15.089] [INFO] default - Ready! Logged in as Guide Bot#6981
[2022-04-26T20:45:03.458] [INFO] default - Start to sync all of the models... If the models already exists, it will not sync.
[2022-04-26T20:45:03.940] [DEBUG] default - Executing (default): SELECT 1+1 AS result
[2022-04-26T20:45:03.942] [DEBUG] default - Executing (default): CREATE TABLE IF NOT EXISTS `rules` (`id` INTEGER NOT NULL auto_increment , `role_id` VARCHAR(255) NOT NULL, `guild_id` VARCHAR(255) NOT NULL, `token_id` VARCHAR(255) NOT NULL, `amount` VARCHAR(255) NOT NULL, `createdAt` DATETIME NOT NULL, `updatedAt` DATETIME NOT NULL, PRIMARY KEY (`id`)) ENGINE=InnoDB;
[2022-04-26T20:45:03.953] [INFO] default - Connection has been established successfully.
[2022-04-26T20:45:03.955] [DEBUG] default - Executing (default): SHOW FULL COLUMNS FROM `rules`;
[2022-04-26T20:45:03.956] [DEBUG] default - Executing (default): SELECT CONSTRAINT_NAME as constraint_name,CONSTRAINT_NAME as constraintName,CONSTRAINT_SCHEMA as constraintSchema,CONSTRAINT_SCHEMA as constraintCatalog,TABLE_NAME as tableName,TABLE_SCHEMA as tableSchema,TABLE_SCHEMA as tableCatalog,COLUMN_NAME as columnName,REFERENCED_TABLE_SCHEMA as referencedTableSchema,REFERENCED_TABLE_SCHEMA as referencedTableCatalog,REFERENCED_TABLE_NAME as referencedTableName,REFERENCED_COLUMN_NAME as referencedColumnName FROM INFORMATION_SCHEMA.KEY_COLUMN_USAGE where TABLE_NAME = 'rules' AND CONSTRAINT_NAME!='PRIMARY' AND CONSTRAINT_SCHEMA='discord_server' AND REFERENCED_TABLE_NAME IS NOT NULL;
[2022-04-26T20:45:03.970] [DEBUG] default - Executing (default): ALTER TABLE `rules` CHANGE `role_id` `role_id` VARCHAR(255) NOT NULL;
[2022-04-26T20:45:03.982] [DEBUG] default - Executing (default): ALTER TABLE `rules` CHANGE `guild_id` `guild_id` VARCHAR(255) NOT NULL;
[2022-04-26T20:45:03.995] [DEBUG] default - Executing (default): ALTER TABLE `rules` CHANGE `token_id` `token_id` VARCHAR(255) NOT NULL;
[2022-04-26T20:45:04.007] [DEBUG] default - Executing (default): ALTER TABLE `rules` CHANGE `amount` `amount` VARCHAR(255) NOT NULL;
[2022-04-26T20:45:04.022] [DEBUG] default - Executing (default): ALTER TABLE `rules` CHANGE `createdAt` `createdAt` DATETIME NOT NULL;
[2022-04-26T20:45:04.036] [DEBUG] default - Executing (default): ALTER TABLE `rules` CHANGE `updatedAt` `updatedAt` DATETIME NOT NULL;
[2022-04-26T20:45:04.049] [DEBUG] default - Executing (default): SHOW INDEX FROM `rules`
[2022-04-26T20:45:04.061] [DEBUG] default - Executing (default): CREATE TABLE IF NOT EXISTS `user_infos` (`id` INTEGER NOT NULL auto_increment , `user_id` VARCHAR(255) NOT NULL, `guild_id` VARCHAR(255) NOT NULL, `near_wallet_id` VARCHAR(255), `nonce` BIGINT NOT NULL, `createdAt` DATETIME NOT NULL, `updatedAt` DATETIME NOT NULL, PRIMARY KEY (`id`)) ENGINE=InnoDB;
[2022-04-26T20:45:04.072] [DEBUG] default - Executing (default): SHOW FULL COLUMNS FROM `user_infos`;
[2022-04-26T20:45:04.073] [DEBUG] default - Executing (default): SELECT CONSTRAINT_NAME as constraint_name,CONSTRAINT_NAME as constraintName,CONSTRAINT_SCHEMA as constraintSchema,CONSTRAINT_SCHEMA as constraintCatalog,TABLE_NAME as tableName,TABLE_SCHEMA as tableSchema,TABLE_SCHEMA as tableCatalog,COLUMN_NAME as columnName,REFERENCED_TABLE_SCHEMA as referencedTableSchema,REFERENCED_TABLE_SCHEMA as referencedTableCatalog,REFERENCED_TABLE_NAME as referencedTableName,REFERENCED_COLUMN_NAME as referencedColumnName FROM INFORMATION_SCHEMA.KEY_COLUMN_USAGE where TABLE_NAME = 'user_infos' AND CONSTRAINT_NAME!='PRIMARY' AND CONSTRAINT_SCHEMA='discord_server' AND REFERENCED_TABLE_NAME IS NOT NULL;
[2022-04-26T20:45:04.084] [DEBUG] default - Executing (default): ALTER TABLE `user_infos` CHANGE `user_id` `user_id` VARCHAR(255) NOT NULL;
[2022-04-26T20:45:04.099] [DEBUG] default - Executing (default): ALTER TABLE `user_infos` CHANGE `guild_id` `guild_id` VARCHAR(255) NOT NULL;
[2022-04-26T20:45:04.110] [DEBUG] default - Executing (default): ALTER TABLE `user_infos` CHANGE `near_wallet_id` `near_wallet_id` VARCHAR(255);
[2022-04-26T20:45:04.123] [DEBUG] default - Executing (default): ALTER TABLE `user_infos` CHANGE `nonce` `nonce` BIGINT NOT NULL;
[2022-04-26T20:45:04.135] [DEBUG] default - Executing (default): ALTER TABLE `user_infos` CHANGE `createdAt` `createdAt` DATETIME NOT NULL;
[2022-04-26T20:45:04.148] [DEBUG] default - Executing (default): ALTER TABLE `user_infos` CHANGE `updatedAt` `updatedAt` DATETIME NOT NULL;
[2022-04-26T20:45:04.160] [DEBUG] default - Executing (default): SHOW INDEX FROM `user_infos`
[2022-04-26T20:45:04.172] [DEBUG] default - Executing (default): CREATE TABLE IF NOT EXISTS `user_fields` (`id` INTEGER NOT NULL auto_increment , `near_wallet_id` VARCHAR(255) NOT NULL, `key` VARCHAR(255) NOT NULL, `value` VARCHAR(255) NOT NULL, `createdAt` DATETIME NOT NULL, `updatedAt` DATETIME NOT NULL, PRIMARY KEY (`id`)) ENGINE=InnoDB;
[2022-04-26T20:45:04.184] [DEBUG] default - Executing (default): SHOW FULL COLUMNS FROM `user_fields`;
[2022-04-26T20:45:04.184] [DEBUG] default - Executing (default): SELECT CONSTRAINT_NAME as constraint_name,CONSTRAINT_NAME as constraintName,CONSTRAINT_SCHEMA as constraintSchema,CONSTRAINT_SCHEMA as constraintCatalog,TABLE_NAME as tableName,TABLE_SCHEMA as tableSchema,TABLE_SCHEMA as tableCatalog,COLUMN_NAME as columnName,REFERENCED_TABLE_SCHEMA as referencedTableSchema,REFERENCED_TABLE_SCHEMA as referencedTableCatalog,REFERENCED_TABLE_NAME as referencedTableName,REFERENCED_COLUMN_NAME as referencedColumnName FROM INFORMATION_SCHEMA.KEY_COLUMN_USAGE where TABLE_NAME = 'user_fields' AND CONSTRAINT_NAME!='PRIMARY' AND CONSTRAINT_SCHEMA='discord_server' AND REFERENCED_TABLE_NAME IS NOT NULL;
[2022-04-26T20:45:04.196] [DEBUG] default - Executing (default): ALTER TABLE `user_fields` CHANGE `near_wallet_id` `near_wallet_id` VARCHAR(255) NOT NULL;
[2022-04-26T20:45:04.208] [DEBUG] default - Executing (default): ALTER TABLE `user_fields` CHANGE `key` `key` VARCHAR(255) NOT NULL;
[2022-04-26T20:45:04.220] [DEBUG] default - Executing (default): ALTER TABLE `user_fields` CHANGE `value` `value` VARCHAR(255) NOT NULL;
[2022-04-26T20:45:04.232] [DEBUG] default - Executing (default): ALTER TABLE `user_fields` CHANGE `createdAt` `createdAt` DATETIME NOT NULL;
[2022-04-26T20:45:04.245] [DEBUG] default - Executing (default): ALTER TABLE `user_fields` CHANGE `updatedAt` `updatedAt` DATETIME NOT NULL;
[2022-04-26T20:45:04.258] [DEBUG] default - Executing (default): SHOW INDEX FROM `user_fields`
[2022-04-26T20:45:04.270] [INFO] default - Sync models to mysql finished.
[2022-04-26T20:45:04.684] [INFO] default - Ready! Logged in as Guide Bot#6981
[2022-04-26T20:47:39.348] [INFO] default - Start to sync all of the models... If the models already exists, it will not sync.
[2022-04-26T20:47:39.880] [DEBUG] default - Executing (default): SELECT 1+1 AS result
[2022-04-26T20:47:39.882] [DEBUG] default - Executing (default): CREATE TABLE IF NOT EXISTS `rules` (`id` INTEGER NOT NULL auto_increment , `role_id` VARCHAR(255) NOT NULL, `guild_id` VARCHAR(255) NOT NULL, `token_id` VARCHAR(255) NOT NULL, `amount` VARCHAR(255) NOT NULL, `createdAt` DATETIME NOT NULL, `updatedAt` DATETIME NOT NULL, PRIMARY KEY (`id`)) ENGINE=InnoDB;
[2022-04-26T20:47:39.894] [INFO] default - Connection has been established successfully.
[2022-04-26T20:47:39.897] [DEBUG] default - Executing (default): SHOW FULL COLUMNS FROM `rules`;
[2022-04-26T20:47:39.898] [DEBUG] default - Executing (default): SELECT CONSTRAINT_NAME as constraint_name,CONSTRAINT_NAME as constraintName,CONSTRAINT_SCHEMA as constraintSchema,CONSTRAINT_SCHEMA as constraintCatalog,TABLE_NAME as tableName,TABLE_SCHEMA as tableSchema,TABLE_SCHEMA as tableCatalog,COLUMN_NAME as columnName,REFERENCED_TABLE_SCHEMA as referencedTableSchema,REFERENCED_TABLE_SCHEMA as referencedTableCatalog,REFERENCED_TABLE_NAME as referencedTableName,REFERENCED_COLUMN_NAME as referencedColumnName FROM INFORMATION_SCHEMA.KEY_COLUMN_USAGE where TABLE_NAME = 'rules' AND CONSTRAINT_NAME!='PRIMARY' AND CONSTRAINT_SCHEMA='discord_server' AND REFERENCED_TABLE_NAME IS NOT NULL;
[2022-04-26T20:47:39.912] [DEBUG] default - Executing (default): ALTER TABLE `rules` CHANGE `role_id` `role_id` VARCHAR(255) NOT NULL;
[2022-04-26T20:47:39.926] [DEBUG] default - Executing (default): ALTER TABLE `rules` CHANGE `guild_id` `guild_id` VARCHAR(255) NOT NULL;
[2022-04-26T20:47:39.940] [DEBUG] default - Executing (default): ALTER TABLE `rules` CHANGE `token_id` `token_id` VARCHAR(255) NOT NULL;
[2022-04-26T20:47:39.955] [DEBUG] default - Executing (default): ALTER TABLE `rules` CHANGE `amount` `amount` VARCHAR(255) NOT NULL;
[2022-04-26T20:47:39.969] [DEBUG] default - Executing (default): ALTER TABLE `rules` CHANGE `createdAt` `createdAt` DATETIME NOT NULL;
[2022-04-26T20:47:39.984] [DEBUG] default - Executing (default): ALTER TABLE `rules` CHANGE `updatedAt` `updatedAt` DATETIME NOT NULL;
[2022-04-26T20:47:39.999] [DEBUG] default - Executing (default): SHOW INDEX FROM `rules`
[2022-04-26T20:47:40.013] [DEBUG] default - Executing (default): CREATE TABLE IF NOT EXISTS `user_infos` (`id` INTEGER NOT NULL auto_increment , `user_id` VARCHAR(255) NOT NULL, `guild_id` VARCHAR(255) NOT NULL, `near_wallet_id` VARCHAR(255), `nonce` BIGINT NOT NULL, `createdAt` DATETIME NOT NULL, `updatedAt` DATETIME NOT NULL, PRIMARY KEY (`id`)) ENGINE=InnoDB;
[2022-04-26T20:47:40.025] [DEBUG] default - Executing (default): SHOW FULL COLUMNS FROM `user_infos`;
[2022-04-26T20:47:40.026] [DEBUG] default - Executing (default): SELECT CONSTRAINT_NAME as constraint_name,CONSTRAINT_NAME as constraintName,CONSTRAINT_SCHEMA as constraintSchema,CONSTRAINT_SCHEMA as constraintCatalog,TABLE_NAME as tableName,TABLE_SCHEMA as tableSchema,TABLE_SCHEMA as tableCatalog,COLUMN_NAME as columnName,REFERENCED_TABLE_SCHEMA as referencedTableSchema,REFERENCED_TABLE_SCHEMA as referencedTableCatalog,REFERENCED_TABLE_NAME as referencedTableName,REFERENCED_COLUMN_NAME as referencedColumnName FROM INFORMATION_SCHEMA.KEY_COLUMN_USAGE where TABLE_NAME = 'user_infos' AND CONSTRAINT_NAME!='PRIMARY' AND CONSTRAINT_SCHEMA='discord_server' AND REFERENCED_TABLE_NAME IS NOT NULL;
[2022-04-26T20:47:40.039] [DEBUG] default - Executing (default): ALTER TABLE `user_infos` CHANGE `user_id` `user_id` VARCHAR(255) NOT NULL;
[2022-04-26T20:47:40.055] [DEBUG] default - Executing (default): ALTER TABLE `user_infos` CHANGE `guild_id` `guild_id` VARCHAR(255) NOT NULL;
[2022-04-26T20:47:40.068] [DEBUG] default - Executing (default): ALTER TABLE `user_infos` CHANGE `near_wallet_id` `near_wallet_id` VARCHAR(255);
[2022-04-26T20:47:40.081] [DEBUG] default - Executing (default): ALTER TABLE `user_infos` CHANGE `nonce` `nonce` BIGINT NOT NULL;
[2022-04-26T20:47:40.094] [DEBUG] default - Executing (default): ALTER TABLE `user_infos` CHANGE `createdAt` `createdAt` DATETIME NOT NULL;
[2022-04-26T20:47:40.109] [DEBUG] default - Executing (default): ALTER TABLE `user_infos` CHANGE `updatedAt` `updatedAt` DATETIME NOT NULL;
[2022-04-26T20:47:40.124] [DEBUG] default - Executing (default): SHOW INDEX FROM `user_infos`
[2022-04-26T20:47:40.138] [DEBUG] default - Executing (default): CREATE TABLE IF NOT EXISTS `user_fields` (`id` INTEGER NOT NULL auto_increment , `near_wallet_id` VARCHAR(255) NOT NULL, `key` VARCHAR(255) NOT NULL, `value` VARCHAR(255) NOT NULL, `createdAt` DATETIME NOT NULL, `updatedAt` DATETIME NOT NULL, PRIMARY KEY (`id`)) ENGINE=InnoDB;
[2022-04-26T20:47:40.152] [DEBUG] default - Executing (default): SHOW FULL COLUMNS FROM `user_fields`;
[2022-04-26T20:47:40.152] [DEBUG] default - Executing (default): SELECT CONSTRAINT_NAME as constraint_name,CONSTRAINT_NAME as constraintName,CONSTRAINT_SCHEMA as constraintSchema,CONSTRAINT_SCHEMA as constraintCatalog,TABLE_NAME as tableName,TABLE_SCHEMA as tableSchema,TABLE_SCHEMA as tableCatalog,COLUMN_NAME as columnName,REFERENCED_TABLE_SCHEMA as referencedTableSchema,REFERENCED_TABLE_SCHEMA as referencedTableCatalog,REFERENCED_TABLE_NAME as referencedTableName,REFERENCED_COLUMN_NAME as referencedColumnName FROM INFORMATION_SCHEMA.KEY_COLUMN_USAGE where TABLE_NAME = 'user_fields' AND CONSTRAINT_NAME!='PRIMARY' AND CONSTRAINT_SCHEMA='discord_server' AND REFERENCED_TABLE_NAME IS NOT NULL;
[2022-04-26T20:47:40.164] [DEBUG] default - Executing (default): ALTER TABLE `user_fields` CHANGE `near_wallet_id` `near_wallet_id` VARCHAR(255) NOT NULL;
[2022-04-26T20:47:40.178] [DEBUG] default - Executing (default): ALTER TABLE `user_fields` CHANGE `key` `key` VARCHAR(255) NOT NULL;
[2022-04-26T20:47:40.193] [DEBUG] default - Executing (default): ALTER TABLE `user_fields` CHANGE `value` `value` VARCHAR(255) NOT NULL;
[2022-04-26T20:47:40.207] [DEBUG] default - Executing (default): ALTER TABLE `user_fields` CHANGE `createdAt` `createdAt` DATETIME NOT NULL;
[2022-04-26T20:47:40.224] [DEBUG] default - Executing (default): ALTER TABLE `user_fields` CHANGE `updatedAt` `updatedAt` DATETIME NOT NULL;
[2022-04-26T20:47:40.239] [DEBUG] default - Executing (default): SHOW INDEX FROM `user_fields`
[2022-04-26T20:47:40.252] [INFO] default - Sync models to mysql finished.
[2022-04-26T20:47:41.265] [INFO] default - Ready! Logged in as Guide Bot#6981
[2022-04-26T20:47:45.354] [DEBUG] default - 0xJZ#0770 in #0xjzs-server triggered an interaction.
[2022-04-26T20:59:16.956] [INFO] default - Start to sync all of the models... If the models already exists, it will not sync.
[2022-04-26T20:59:17.684] [DEBUG] default - Executing (default): SELECT 1+1 AS result
[2022-04-26T20:59:17.685] [DEBUG] default - Executing (default): CREATE TABLE IF NOT EXISTS `rules` (`id` INTEGER NOT NULL auto_increment , `role_id` VARCHAR(255) NOT NULL, `guild_id` VARCHAR(255) NOT NULL, `token_id` VARCHAR(255) NOT NULL, `amount` VARCHAR(255) NOT NULL, `createdAt` DATETIME NOT NULL, `updatedAt` DATETIME NOT NULL, PRIMARY KEY (`id`)) ENGINE=InnoDB;
[2022-04-26T20:59:17.696] [INFO] default - Connection with mysql has been established successfully.
[2022-04-26T20:59:17.698] [DEBUG] default - Executing (default): SHOW FULL COLUMNS FROM `rules`;
[2022-04-26T20:59:17.698] [DEBUG] default - Executing (default): SELECT CONSTRAINT_NAME as constraint_name,CONSTRAINT_NAME as constraintName,CONSTRAINT_SCHEMA as constraintSchema,CONSTRAINT_SCHEMA as constraintCatalog,TABLE_NAME as tableName,TABLE_SCHEMA as tableSchema,TABLE_SCHEMA as tableCatalog,COLUMN_NAME as columnName,REFERENCED_TABLE_SCHEMA as referencedTableSchema,REFERENCED_TABLE_SCHEMA as referencedTableCatalog,REFERENCED_TABLE_NAME as referencedTableName,REFERENCED_COLUMN_NAME as referencedColumnName FROM INFORMATION_SCHEMA.KEY_COLUMN_USAGE where TABLE_NAME = 'rules' AND CONSTRAINT_NAME!='PRIMARY' AND CONSTRAINT_SCHEMA='discord_server' AND REFERENCED_TABLE_NAME IS NOT NULL;
[2022-04-26T20:59:17.713] [DEBUG] default - Executing (default): ALTER TABLE `rules` CHANGE `role_id` `role_id` VARCHAR(255) NOT NULL;
[2022-04-26T20:59:17.727] [DEBUG] default - Executing (default): ALTER TABLE `rules` CHANGE `guild_id` `guild_id` VARCHAR(255) NOT NULL;
[2022-04-26T20:59:17.740] [DEBUG] default - Executing (default): ALTER TABLE `rules` CHANGE `token_id` `token_id` VARCHAR(255) NOT NULL;
[2022-04-26T20:59:17.772] [DEBUG] default - Executing (default): ALTER TABLE `rules` CHANGE `amount` `amount` VARCHAR(255) NOT NULL;
[2022-04-26T20:59:17.787] [DEBUG] default - Executing (default): ALTER TABLE `rules` CHANGE `createdAt` `createdAt` DATETIME NOT NULL;
[2022-04-26T20:59:17.801] [DEBUG] default - Executing (default): ALTER TABLE `rules` CHANGE `updatedAt` `updatedAt` DATETIME NOT NULL;
[2022-04-26T20:59:17.815] [DEBUG] default - Executing (default): SHOW INDEX FROM `rules`
[2022-04-26T20:59:17.826] [DEBUG] default - Executing (default): CREATE TABLE IF NOT EXISTS `user_infos` (`id` INTEGER NOT NULL auto_increment , `user_id` VARCHAR(255) NOT NULL, `guild_id` VARCHAR(255) NOT NULL, `near_wallet_id` VARCHAR(255), `nonce` BIGINT NOT NULL, `createdAt` DATETIME NOT NULL, `updatedAt` DATETIME NOT NULL, PRIMARY KEY (`id`)) ENGINE=InnoDB;
[2022-04-26T20:59:17.837] [DEBUG] default - Executing (default): SHOW FULL COLUMNS FROM `user_infos`;
[2022-04-26T20:59:17.838] [DEBUG] default - Executing (default): SELECT CONSTRAINT_NAME as constraint_name,CONSTRAINT_NAME as constraintName,CONSTRAINT_SCHEMA as constraintSchema,CONSTRAINT_SCHEMA as constraintCatalog,TABLE_NAME as tableName,TABLE_SCHEMA as tableSchema,TABLE_SCHEMA as tableCatalog,COLUMN_NAME as columnName,REFERENCED_TABLE_SCHEMA as referencedTableSchema,REFERENCED_TABLE_SCHEMA as referencedTableCatalog,REFERENCED_TABLE_NAME as referencedTableName,REFERENCED_COLUMN_NAME as referencedColumnName FROM INFORMATION_SCHEMA.KEY_COLUMN_USAGE where TABLE_NAME = 'user_infos' AND CONSTRAINT_NAME!='PRIMARY' AND CONSTRAINT_SCHEMA='discord_server' AND REFERENCED_TABLE_NAME IS NOT NULL;
[2022-04-26T20:59:17.853] [DEBUG] default - Executing (default): ALTER TABLE `user_infos` CHANGE `user_id` `user_id` VARCHAR(255) NOT NULL;
[2022-04-26T20:59:17.867] [DEBUG] default - Executing (default): ALTER TABLE `user_infos` CHANGE `guild_id` `guild_id` VARCHAR(255) NOT NULL;
[2022-04-26T20:59:17.881] [DEBUG] default - Executing (default): ALTER TABLE `user_infos` CHANGE `near_wallet_id` `near_wallet_id` VARCHAR(255);
[2022-04-26T20:59:17.894] [DEBUG] default - Executing (default): ALTER TABLE `user_infos` CHANGE `nonce` `nonce` BIGINT NOT NULL;
[2022-04-26T20:59:17.906] [DEBUG] default - Executing (default): ALTER TABLE `user_infos` CHANGE `createdAt` `createdAt` DATETIME NOT NULL;
[2022-04-26T20:59:17.919] [DEBUG] default - Executing (default): ALTER TABLE `user_infos` CHANGE `updatedAt` `updatedAt` DATETIME NOT NULL;
[2022-04-26T20:59:17.933] [DEBUG] default - Executing (default): SHOW INDEX FROM `user_infos`
[2022-04-26T20:59:17.954] [DEBUG] default - Executing (default): CREATE TABLE IF NOT EXISTS `user_fields` (`id` INTEGER NOT NULL auto_increment , `near_wallet_id` VARCHAR(255) NOT NULL, `key` VARCHAR(255) NOT NULL, `value` VARCHAR(255) NOT NULL, `createdAt` DATETIME NOT NULL, `updatedAt` DATETIME NOT NULL, PRIMARY KEY (`id`)) ENGINE=InnoDB;
[2022-04-26T20:59:17.964] [DEBUG] default - Executing (default): SHOW FULL COLUMNS FROM `user_fields`;
[2022-04-26T20:59:17.965] [DEBUG] default - Executing (default): SELECT CONSTRAINT_NAME as constraint_name,CONSTRAINT_NAME as constraintName,CONSTRAINT_SCHEMA as constraintSchema,CONSTRAINT_SCHEMA as constraintCatalog,TABLE_NAME as tableName,TABLE_SCHEMA as tableSchema,TABLE_SCHEMA as tableCatalog,COLUMN_NAME as columnName,REFERENCED_TABLE_SCHEMA as referencedTableSchema,REFERENCED_TABLE_SCHEMA as referencedTableCatalog,REFERENCED_TABLE_NAME as referencedTableName,REFERENCED_COLUMN_NAME as referencedColumnName FROM INFORMATION_SCHEMA.KEY_COLUMN_USAGE where TABLE_NAME = 'user_fields' AND CONSTRAINT_NAME!='PRIMARY' AND CONSTRAINT_SCHEMA='discord_server' AND REFERENCED_TABLE_NAME IS NOT NULL;
[2022-04-26T20:59:17.977] [DEBUG] default - Executing (default): ALTER TABLE `user_fields` CHANGE `near_wallet_id` `near_wallet_id` VARCHAR(255) NOT NULL;
[2022-04-26T20:59:17.990] [DEBUG] default - Executing (default): ALTER TABLE `user_fields` CHANGE `key` `key` VARCHAR(255) NOT NULL;
[2022-04-26T20:59:18.004] [DEBUG] default - Executing (default): ALTER TABLE `user_fields` CHANGE `value` `value` VARCHAR(255) NOT NULL;
[2022-04-26T20:59:18.018] [DEBUG] default - Executing (default): ALTER TABLE `user_fields` CHANGE `createdAt` `createdAt` DATETIME NOT NULL;
[2022-04-26T20:59:18.031] [DEBUG] default - Executing (default): ALTER TABLE `user_fields` CHANGE `updatedAt` `updatedAt` DATETIME NOT NULL;
[2022-04-26T20:59:18.043] [DEBUG] default - Executing (default): SHOW INDEX FROM `user_fields`
[2022-04-26T20:59:18.053] [INFO] default - Sync models to mysql finished.
[2022-04-26T20:59:18.670] [INFO] default - Ready! Logged in as Guide Bot#6981
[2022-04-26T20:59:23.874] [DEBUG] default - 0xJZ#0770 in #0xjzs-server triggered an interaction.
[2022-04-26T20:59:23.919] [DEBUG] default - Executing (default): INSERT INTO `user_infos` (`id`,`user_id`,`guild_id`,`nonce`,`createdAt`,`updatedAt`) VALUES (DEFAULT,?,?,?,?,?);
[2022-04-26T21:04:13.583] [INFO] default - Start to sync all of the models... If the models already exists, it will not sync.
[2022-04-26T21:57:30.751] [ERROR] default - [Function: error]
[2022-04-26T21:57:30.917] [DEBUG] default - Executing (default): SELECT 1+1 AS result
[2022-04-26T21:57:30.927] [INFO] default - Connection with mysql has been established successfully.
[2022-04-26T21:57:31.260] [INFO] default - Successfully registered application commands.
[2022-04-26T21:57:57.675] [INFO] default - Start to sync all of the models... If the models already exists, it will not sync.
[2022-04-26T21:57:58.078] [DEBUG] default - Executing (default): SELECT 1+1 AS result
[2022-04-26T21:57:58.079] [DEBUG] default - Executing (default): CREATE TABLE IF NOT EXISTS `rules` (`id` INTEGER NOT NULL auto_increment , `role_id` VARCHAR(255) NOT NULL, `guild_id` VARCHAR(255) NOT NULL, `token_id` VARCHAR(255) NOT NULL, `amount` VARCHAR(255) NOT NULL, `createdAt` DATETIME NOT NULL, `updatedAt` DATETIME NOT NULL, PRIMARY KEY (`id`)) ENGINE=InnoDB;
[2022-04-26T21:57:58.096] [INFO] default - Connection with mysql has been established successfully.
[2022-04-26T21:57:58.098] [DEBUG] default - Executing (default): SHOW FULL COLUMNS FROM `rules`;
[2022-04-26T21:57:58.098] [DEBUG] default - Executing (default): SELECT CONSTRAINT_NAME as constraint_name,CONSTRAINT_NAME as constraintName,CONSTRAINT_SCHEMA as constraintSchema,CONSTRAINT_SCHEMA as constraintCatalog,TABLE_NAME as tableName,TABLE_SCHEMA as tableSchema,TABLE_SCHEMA as tableCatalog,COLUMN_NAME as columnName,REFERENCED_TABLE_SCHEMA as referencedTableSchema,REFERENCED_TABLE_SCHEMA as referencedTableCatalog,REFERENCED_TABLE_NAME as referencedTableName,REFERENCED_COLUMN_NAME as referencedColumnName FROM INFORMATION_SCHEMA.KEY_COLUMN_USAGE where TABLE_NAME = 'rules' AND CONSTRAINT_NAME!='PRIMARY' AND CONSTRAINT_SCHEMA='discord_server' AND REFERENCED_TABLE_NAME IS NOT NULL;
[2022-04-26T21:57:58.121] [DEBUG] default - Executing (default): ALTER TABLE `rules` CHANGE `role_id` `role_id` VARCHAR(255) NOT NULL;
[2022-04-26T21:57:58.134] [DEBUG] default - Executing (default): ALTER TABLE `rules` CHANGE `guild_id` `guild_id` VARCHAR(255) NOT NULL;
[2022-04-26T21:57:58.149] [DEBUG] default - Executing (default): ALTER TABLE `rules` CHANGE `token_id` `token_id` VARCHAR(255) NOT NULL;
[2022-04-26T21:57:58.162] [DEBUG] default - Executing (default): ALTER TABLE `rules` CHANGE `amount` `amount` VARCHAR(255) NOT NULL;
[2022-04-26T21:57:58.175] [DEBUG] default - Executing (default): ALTER TABLE `rules` CHANGE `createdAt` `createdAt` DATETIME NOT NULL;
[2022-04-26T21:57:58.188] [DEBUG] default - Executing (default): ALTER TABLE `rules` CHANGE `updatedAt` `updatedAt` DATETIME NOT NULL;
[2022-04-26T21:57:58.202] [DEBUG] default - Executing (default): SHOW INDEX FROM `rules`
[2022-04-26T21:57:58.217] [DEBUG] default - Executing (default): CREATE TABLE IF NOT EXISTS `user_infos` (`id` INTEGER NOT NULL auto_increment , `user_id` VARCHAR(255) NOT NULL, `guild_id` VARCHAR(255) NOT NULL, `near_wallet_id` VARCHAR(255), `nonce` BIGINT NOT NULL, `createdAt` DATETIME NOT NULL, `updatedAt` DATETIME NOT NULL, PRIMARY KEY (`id`)) ENGINE=InnoDB;
[2022-04-26T21:57:58.229] [DEBUG] default - Executing (default): SHOW FULL COLUMNS FROM `user_infos`;
[2022-04-26T21:57:58.229] [DEBUG] default - Executing (default): SELECT CONSTRAINT_NAME as constraint_name,CONSTRAINT_NAME as constraintName,CONSTRAINT_SCHEMA as constraintSchema,CONSTRAINT_SCHEMA as constraintCatalog,TABLE_NAME as tableName,TABLE_SCHEMA as tableSchema,TABLE_SCHEMA as tableCatalog,COLUMN_NAME as columnName,REFERENCED_TABLE_SCHEMA as referencedTableSchema,REFERENCED_TABLE_SCHEMA as referencedTableCatalog,REFERENCED_TABLE_NAME as referencedTableName,REFERENCED_COLUMN_NAME as referencedColumnName FROM INFORMATION_SCHEMA.KEY_COLUMN_USAGE where TABLE_NAME = 'user_infos' AND CONSTRAINT_NAME!='PRIMARY' AND CONSTRAINT_SCHEMA='discord_server' AND REFERENCED_TABLE_NAME IS NOT NULL;
[2022-04-26T21:57:58.245] [DEBUG] default - Executing (default): ALTER TABLE `user_infos` CHANGE `user_id` `user_id` VARCHAR(255) NOT NULL;
[2022-04-26T21:57:58.258] [DEBUG] default - Executing (default): ALTER TABLE `user_infos` CHANGE `guild_id` `guild_id` VARCHAR(255) NOT NULL;
[2022-04-26T21:57:58.270] [DEBUG] default - Executing (default): ALTER TABLE `user_infos` CHANGE `near_wallet_id` `near_wallet_id` VARCHAR(255);
[2022-04-26T21:57:58.283] [DEBUG] default - Executing (default): ALTER TABLE `user_infos` CHANGE `nonce` `nonce` BIGINT NOT NULL;
[2022-04-26T21:57:58.296] [DEBUG] default - Executing (default): ALTER TABLE `user_infos` CHANGE `createdAt` `createdAt` DATETIME NOT NULL;
[2022-04-26T21:57:58.309] [DEBUG] default - Executing (default): ALTER TABLE `user_infos` CHANGE `updatedAt` `updatedAt` DATETIME NOT NULL;
[2022-04-26T21:57:58.322] [DEBUG] default - Executing (default): SHOW INDEX FROM `user_infos`
[2022-04-26T21:57:58.333] [DEBUG] default - Executing (default): CREATE TABLE IF NOT EXISTS `user_fields` (`id` INTEGER NOT NULL auto_increment , `near_wallet_id` VARCHAR(255) NOT NULL, `key` VARCHAR(255) NOT NULL, `value` VARCHAR(255) NOT NULL, `createdAt` DATETIME NOT NULL, `updatedAt` DATETIME NOT NULL, PRIMARY KEY (`id`)) ENGINE=InnoDB;
[2022-04-26T21:57:58.344] [DEBUG] default - Executing (default): SHOW FULL COLUMNS FROM `user_fields`;
[2022-04-26T21:57:58.344] [DEBUG] default - Executing (default): SELECT CONSTRAINT_NAME as constraint_name,CONSTRAINT_NAME as constraintName,CONSTRAINT_SCHEMA as constraintSchema,CONSTRAINT_SCHEMA as constraintCatalog,TABLE_NAME as tableName,TABLE_SCHEMA as tableSchema,TABLE_SCHEMA as tableCatalog,COLUMN_NAME as columnName,REFERENCED_TABLE_SCHEMA as referencedTableSchema,REFERENCED_TABLE_SCHEMA as referencedTableCatalog,REFERENCED_TABLE_NAME as referencedTableName,REFERENCED_COLUMN_NAME as referencedColumnName FROM INFORMATION_SCHEMA.KEY_COLUMN_USAGE where TABLE_NAME = 'user_fields' AND CONSTRAINT_NAME!='PRIMARY' AND CONSTRAINT_SCHEMA='discord_server' AND REFERENCED_TABLE_NAME IS NOT NULL;
[2022-04-26T21:57:58.360] [DEBUG] default - Executing (default): ALTER TABLE `user_fields` CHANGE `near_wallet_id` `near_wallet_id` VARCHAR(255) NOT NULL;
[2022-04-26T21:57:58.372] [DEBUG] default - Executing (default): ALTER TABLE `user_fields` CHANGE `key` `key` VARCHAR(255) NOT NULL;
[2022-04-26T21:57:58.387] [DEBUG] default - Executing (default): ALTER TABLE `user_fields` CHANGE `value` `value` VARCHAR(255) NOT NULL;
[2022-04-26T21:57:58.400] [DEBUG] default - Executing (default): ALTER TABLE `user_fields` CHANGE `createdAt` `createdAt` DATETIME NOT NULL;
[2022-04-26T21:57:58.413] [DEBUG] default - Executing (default): ALTER TABLE `user_fields` CHANGE `updatedAt` `updatedAt` DATETIME NOT NULL;
[2022-04-26T21:57:58.426] [DEBUG] default - Executing (default): SHOW INDEX FROM `user_fields`
[2022-04-26T21:57:58.437] [INFO] default - Sync models to mysql finished.
[2022-04-26T21:57:59.020] [INFO] default - Ready! Logged in as Guide Bot#6981
[2022-04-26T21:58:12.602] [ERROR] default - TypeError: command.execute is not a function
    at Client.<anonymous> (/Users/django/27Workspace/Nepbot-backend-new/index.js:35:17)
    at Client.emit (node:events:539:35)
    at InteractionCreateAction.handle (/Users/django/27Workspace/Nepbot-backend-new/node_modules/discord.js/src/client/actions/InteractionCreate.js:74:12)
    at Object.module.exports [as INTERACTION_CREATE] (/Users/django/27Workspace/Nepbot-backend-new/node_modules/discord.js/src/client/websocket/handlers/INTERACTION_CREATE.js:4:36)
    at WebSocketManager.handlePacket (/Users/django/27Workspace/Nepbot-backend-new/node_modules/discord.js/src/client/websocket/WebSocketManager.js:351:31)
    at WebSocketShard.onPacket (/Users/django/27Workspace/Nepbot-backend-new/node_modules/discord.js/src/client/websocket/WebSocketShard.js:444:22)
    at WebSocketShard.onMessage (/Users/django/27Workspace/Nepbot-backend-new/node_modules/discord.js/src/client/websocket/WebSocketShard.js:301:10)
    at WebSocket.onMessage (/Users/django/27Workspace/Nepbot-backend-new/node_modules/ws/lib/event-target.js:199:18)
    at WebSocket.emit (node:events:527:28)
    at Receiver.receiverOnMessage (/Users/django/27Workspace/Nepbot-backend-new/node_modules/ws/lib/websocket.js:1137:20)
[2022-04-26T21:58:12.604] [DEBUG] default - 0xJZ#0770 in #0xjzs-server triggered an interaction.
[2022-04-26T22:00:09.738] [ERROR] default - [Function: error]
[2022-04-26T22:00:09.884] [DEBUG] default - Executing (default): SELECT 1+1 AS result
[2022-04-26T22:00:09.895] [INFO] default - Connection with mysql has been established successfully.
[2022-04-26T22:00:10.643] [INFO] default - Successfully registered application commands.
[2022-04-26T22:00:15.434] [INFO] default - Start to sync all of the models... If the models already exists, it will not sync.
[2022-04-26T22:00:15.787] [DEBUG] default - Executing (default): SELECT 1+1 AS result
[2022-04-26T22:00:15.789] [DEBUG] default - Executing (default): CREATE TABLE IF NOT EXISTS `rules` (`id` INTEGER NOT NULL auto_increment , `role_id` VARCHAR(255) NOT NULL, `guild_id` VARCHAR(255) NOT NULL, `token_id` VARCHAR(255) NOT NULL, `amount` VARCHAR(255) NOT NULL, `createdAt` DATETIME NOT NULL, `updatedAt` DATETIME NOT NULL, PRIMARY KEY (`id`)) ENGINE=InnoDB;
[2022-04-26T22:00:15.798] [INFO] default - Connection with mysql has been established successfully.
[2022-04-26T22:00:15.801] [DEBUG] default - Executing (default): SHOW FULL COLUMNS FROM `rules`;
[2022-04-26T22:00:15.802] [DEBUG] default - Executing (default): SELECT CONSTRAINT_NAME as constraint_name,CONSTRAINT_NAME as constraintName,CONSTRAINT_SCHEMA as constraintSchema,CONSTRAINT_SCHEMA as constraintCatalog,TABLE_NAME as tableName,TABLE_SCHEMA as tableSchema,TABLE_SCHEMA as tableCatalog,COLUMN_NAME as columnName,REFERENCED_TABLE_SCHEMA as referencedTableSchema,REFERENCED_TABLE_SCHEMA as referencedTableCatalog,REFERENCED_TABLE_NAME as referencedTableName,REFERENCED_COLUMN_NAME as referencedColumnName FROM INFORMATION_SCHEMA.KEY_COLUMN_USAGE where TABLE_NAME = 'rules' AND CONSTRAINT_NAME!='PRIMARY' AND CONSTRAINT_SCHEMA='discord_server' AND REFERENCED_TABLE_NAME IS NOT NULL;
[2022-04-26T22:00:15.815] [DEBUG] default - Executing (default): ALTER TABLE `rules` CHANGE `role_id` `role_id` VARCHAR(255) NOT NULL;
[2022-04-26T22:00:15.828] [DEBUG] default - Executing (default): ALTER TABLE `rules` CHANGE `guild_id` `guild_id` VARCHAR(255) NOT NULL;
[2022-04-26T22:00:15.841] [DEBUG] default - Executing (default): ALTER TABLE `rules` CHANGE `token_id` `token_id` VARCHAR(255) NOT NULL;
[2022-04-26T22:00:15.855] [DEBUG] default - Executing (default): ALTER TABLE `rules` CHANGE `amount` `amount` VARCHAR(255) NOT NULL;
[2022-04-26T22:00:15.868] [DEBUG] default - Executing (default): ALTER TABLE `rules` CHANGE `createdAt` `createdAt` DATETIME NOT NULL;
[2022-04-26T22:00:15.881] [DEBUG] default - Executing (default): ALTER TABLE `rules` CHANGE `updatedAt` `updatedAt` DATETIME NOT NULL;
[2022-04-26T22:00:15.894] [DEBUG] default - Executing (default): SHOW INDEX FROM `rules`
[2022-04-26T22:00:15.907] [DEBUG] default - Executing (default): CREATE TABLE IF NOT EXISTS `user_infos` (`id` INTEGER NOT NULL auto_increment , `user_id` VARCHAR(255) NOT NULL, `guild_id` VARCHAR(255) NOT NULL, `near_wallet_id` VARCHAR(255), `nonce` BIGINT NOT NULL, `createdAt` DATETIME NOT NULL, `updatedAt` DATETIME NOT NULL, PRIMARY KEY (`id`)) ENGINE=InnoDB;
[2022-04-26T22:00:15.918] [DEBUG] default - Executing (default): SHOW FULL COLUMNS FROM `user_infos`;
[2022-04-26T22:00:15.918] [DEBUG] default - Executing (default): SELECT CONSTRAINT_NAME as constraint_name,CONSTRAINT_NAME as constraintName,CONSTRAINT_SCHEMA as constraintSchema,CONSTRAINT_SCHEMA as constraintCatalog,TABLE_NAME as tableName,TABLE_SCHEMA as tableSchema,TABLE_SCHEMA as tableCatalog,COLUMN_NAME as columnName,REFERENCED_TABLE_SCHEMA as referencedTableSchema,REFERENCED_TABLE_SCHEMA as referencedTableCatalog,REFERENCED_TABLE_NAME as referencedTableName,REFERENCED_COLUMN_NAME as referencedColumnName FROM INFORMATION_SCHEMA.KEY_COLUMN_USAGE where TABLE_NAME = 'user_infos' AND CONSTRAINT_NAME!='PRIMARY' AND CONSTRAINT_SCHEMA='discord_server' AND REFERENCED_TABLE_NAME IS NOT NULL;
[2022-04-26T22:00:15.930] [DEBUG] default - Executing (default): ALTER TABLE `user_infos` CHANGE `user_id` `user_id` VARCHAR(255) NOT NULL;
[2022-04-26T22:00:15.945] [DEBUG] default - Executing (default): ALTER TABLE `user_infos` CHANGE `guild_id` `guild_id` VARCHAR(255) NOT NULL;
[2022-04-26T22:00:15.958] [DEBUG] default - Executing (default): ALTER TABLE `user_infos` CHANGE `near_wallet_id` `near_wallet_id` VARCHAR(255);
[2022-04-26T22:00:15.972] [DEBUG] default - Executing (default): ALTER TABLE `user_infos` CHANGE `nonce` `nonce` BIGINT NOT NULL;
[2022-04-26T22:00:15.987] [DEBUG] default - Executing (default): ALTER TABLE `user_infos` CHANGE `createdAt` `createdAt` DATETIME NOT NULL;
[2022-04-26T22:00:16.000] [DEBUG] default - Executing (default): ALTER TABLE `user_infos` CHANGE `updatedAt` `updatedAt` DATETIME NOT NULL;
[2022-04-26T22:00:16.012] [DEBUG] default - Executing (default): SHOW INDEX FROM `user_infos`
[2022-04-26T22:00:16.023] [DEBUG] default - Executing (default): CREATE TABLE IF NOT EXISTS `user_fields` (`id` INTEGER NOT NULL auto_increment , `near_wallet_id` VARCHAR(255) NOT NULL, `key` VARCHAR(255) NOT NULL, `value` VARCHAR(255) NOT NULL, `createdAt` DATETIME NOT NULL, `updatedAt` DATETIME NOT NULL, PRIMARY KEY (`id`)) ENGINE=InnoDB;
[2022-04-26T22:00:16.034] [DEBUG] default - Executing (default): SHOW FULL COLUMNS FROM `user_fields`;
[2022-04-26T22:00:16.035] [DEBUG] default - Executing (default): SELECT CONSTRAINT_NAME as constraint_name,CONSTRAINT_NAME as constraintName,CONSTRAINT_SCHEMA as constraintSchema,CONSTRAINT_SCHEMA as constraintCatalog,TABLE_NAME as tableName,TABLE_SCHEMA as tableSchema,TABLE_SCHEMA as tableCatalog,COLUMN_NAME as columnName,REFERENCED_TABLE_SCHEMA as referencedTableSchema,REFERENCED_TABLE_SCHEMA as referencedTableCatalog,REFERENCED_TABLE_NAME as referencedTableName,REFERENCED_COLUMN_NAME as referencedColumnName FROM INFORMATION_SCHEMA.KEY_COLUMN_USAGE where TABLE_NAME = 'user_fields' AND CONSTRAINT_NAME!='PRIMARY' AND CONSTRAINT_SCHEMA='discord_server' AND REFERENCED_TABLE_NAME IS NOT NULL;
[2022-04-26T22:00:16.046] [DEBUG] default - Executing (default): ALTER TABLE `user_fields` CHANGE `near_wallet_id` `near_wallet_id` VARCHAR(255) NOT NULL;
[2022-04-26T22:00:16.057] [DEBUG] default - Executing (default): ALTER TABLE `user_fields` CHANGE `key` `key` VARCHAR(255) NOT NULL;
[2022-04-26T22:00:16.070] [DEBUG] default - Executing (default): ALTER TABLE `user_fields` CHANGE `value` `value` VARCHAR(255) NOT NULL;
[2022-04-26T22:00:16.082] [DEBUG] default - Executing (default): ALTER TABLE `user_fields` CHANGE `createdAt` `createdAt` DATETIME NOT NULL;
[2022-04-26T22:00:16.095] [DEBUG] default - Executing (default): ALTER TABLE `user_fields` CHANGE `updatedAt` `updatedAt` DATETIME NOT NULL;
[2022-04-26T22:00:16.108] [DEBUG] default - Executing (default): SHOW INDEX FROM `user_fields`
[2022-04-26T22:00:16.120] [INFO] default - Sync models to mysql finished.
[2022-04-26T22:00:16.618] [INFO] default - Ready! Logged in as Guide Bot#6981
[2022-04-26T22:00:21.805] [DEBUG] default - 0xJZ#0770 in #0xjzs-server triggered an interaction.
[2022-04-26T22:03:29.251] [INFO] default - Start to sync all of the models... If the models already exists, it will not sync.
[2022-04-26T22:03:29.595] [DEBUG] default - Executing (default): SELECT 1+1 AS result
[2022-04-26T22:03:29.596] [DEBUG] default - Executing (default): CREATE TABLE IF NOT EXISTS `rules` (`id` INTEGER NOT NULL auto_increment , `role_id` VARCHAR(255) NOT NULL, `guild_id` VARCHAR(255) NOT NULL, `token_id` VARCHAR(255) NOT NULL, `amount` VARCHAR(255) NOT NULL, `createdAt` DATETIME NOT NULL, `updatedAt` DATETIME NOT NULL, PRIMARY KEY (`id`)) ENGINE=InnoDB;
[2022-04-26T22:03:29.606] [INFO] default - Connection with mysql has been established successfully.
[2022-04-26T22:03:29.608] [DEBUG] default - Executing (default): SHOW FULL COLUMNS FROM `rules`;
[2022-04-26T22:03:29.609] [DEBUG] default - Executing (default): SELECT CONSTRAINT_NAME as constraint_name,CONSTRAINT_NAME as constraintName,CONSTRAINT_SCHEMA as constraintSchema,CONSTRAINT_SCHEMA as constraintCatalog,TABLE_NAME as tableName,TABLE_SCHEMA as tableSchema,TABLE_SCHEMA as tableCatalog,COLUMN_NAME as columnName,REFERENCED_TABLE_SCHEMA as referencedTableSchema,REFERENCED_TABLE_SCHEMA as referencedTableCatalog,REFERENCED_TABLE_NAME as referencedTableName,REFERENCED_COLUMN_NAME as referencedColumnName FROM INFORMATION_SCHEMA.KEY_COLUMN_USAGE where TABLE_NAME = 'rules' AND CONSTRAINT_NAME!='PRIMARY' AND CONSTRAINT_SCHEMA='discord_server' AND REFERENCED_TABLE_NAME IS NOT NULL;
[2022-04-26T22:03:29.623] [DEBUG] default - Executing (default): ALTER TABLE `rules` CHANGE `role_id` `role_id` VARCHAR(255) NOT NULL;
[2022-04-26T22:03:29.637] [DEBUG] default - Executing (default): ALTER TABLE `rules` CHANGE `guild_id` `guild_id` VARCHAR(255) NOT NULL;
[2022-04-26T22:03:29.650] [DEBUG] default - Executing (default): ALTER TABLE `rules` CHANGE `token_id` `token_id` VARCHAR(255) NOT NULL;
[2022-04-26T22:03:29.664] [DEBUG] default - Executing (default): ALTER TABLE `rules` CHANGE `amount` `amount` VARCHAR(255) NOT NULL;
[2022-04-26T22:03:29.678] [DEBUG] default - Executing (default): ALTER TABLE `rules` CHANGE `createdAt` `createdAt` DATETIME NOT NULL;
[2022-04-26T22:03:29.691] [DEBUG] default - Executing (default): ALTER TABLE `rules` CHANGE `updatedAt` `updatedAt` DATETIME NOT NULL;
[2022-04-26T22:03:29.705] [DEBUG] default - Executing (default): SHOW INDEX FROM `rules`
[2022-04-26T22:03:29.718] [DEBUG] default - Executing (default): CREATE TABLE IF NOT EXISTS `user_infos` (`id` INTEGER NOT NULL auto_increment , `user_id` VARCHAR(255) NOT NULL, `guild_id` VARCHAR(255) NOT NULL, `near_wallet_id` VARCHAR(255), `nonce` BIGINT NOT NULL, `createdAt` DATETIME NOT NULL, `updatedAt` DATETIME NOT NULL, PRIMARY KEY (`id`)) ENGINE=InnoDB;
[2022-04-26T22:03:29.729] [DEBUG] default - Executing (default): SHOW FULL COLUMNS FROM `user_infos`;
[2022-04-26T22:03:29.729] [DEBUG] default - Executing (default): SELECT CONSTRAINT_NAME as constraint_name,CONSTRAINT_NAME as constraintName,CONSTRAINT_SCHEMA as constraintSchema,CONSTRAINT_SCHEMA as constraintCatalog,TABLE_NAME as tableName,TABLE_SCHEMA as tableSchema,TABLE_SCHEMA as tableCatalog,COLUMN_NAME as columnName,REFERENCED_TABLE_SCHEMA as referencedTableSchema,REFERENCED_TABLE_SCHEMA as referencedTableCatalog,REFERENCED_TABLE_NAME as referencedTableName,REFERENCED_COLUMN_NAME as referencedColumnName FROM INFORMATION_SCHEMA.KEY_COLUMN_USAGE where TABLE_NAME = 'user_infos' AND CONSTRAINT_NAME!='PRIMARY' AND CONSTRAINT_SCHEMA='discord_server' AND REFERENCED_TABLE_NAME IS NOT NULL;
[2022-04-26T22:03:29.741] [DEBUG] default - Executing (default): ALTER TABLE `user_infos` CHANGE `user_id` `user_id` VARCHAR(255) NOT NULL;
[2022-04-26T22:03:29.755] [DEBUG] default - Executing (default): ALTER TABLE `user_infos` CHANGE `guild_id` `guild_id` VARCHAR(255) NOT NULL;
[2022-04-26T22:03:29.769] [DEBUG] default - Executing (default): ALTER TABLE `user_infos` CHANGE `near_wallet_id` `near_wallet_id` VARCHAR(255);
[2022-04-26T22:03:29.784] [DEBUG] default - Executing (default): ALTER TABLE `user_infos` CHANGE `nonce` `nonce` BIGINT NOT NULL;
[2022-04-26T22:03:29.797] [DEBUG] default - Executing (default): ALTER TABLE `user_infos` CHANGE `createdAt` `createdAt` DATETIME NOT NULL;
[2022-04-26T22:03:29.810] [DEBUG] default - Executing (default): ALTER TABLE `user_infos` CHANGE `updatedAt` `updatedAt` DATETIME NOT NULL;
[2022-04-26T22:03:29.822] [DEBUG] default - Executing (default): SHOW INDEX FROM `user_infos`
[2022-04-26T22:03:29.834] [DEBUG] default - Executing (default): CREATE TABLE IF NOT EXISTS `user_fields` (`id` INTEGER NOT NULL auto_increment , `near_wallet_id` VARCHAR(255) NOT NULL, `key` VARCHAR(255) NOT NULL, `value` VARCHAR(255) NOT NULL, `createdAt` DATETIME NOT NULL, `updatedAt` DATETIME NOT NULL, PRIMARY KEY (`id`)) ENGINE=InnoDB;
[2022-04-26T22:03:29.844] [DEBUG] default - Executing (default): SHOW FULL COLUMNS FROM `user_fields`;
[2022-04-26T22:03:29.844] [DEBUG] default - Executing (default): SELECT CONSTRAINT_NAME as constraint_name,CONSTRAINT_NAME as constraintName,CONSTRAINT_SCHEMA as constraintSchema,CONSTRAINT_SCHEMA as constraintCatalog,TABLE_NAME as tableName,TABLE_SCHEMA as tableSchema,TABLE_SCHEMA as tableCatalog,COLUMN_NAME as columnName,REFERENCED_TABLE_SCHEMA as referencedTableSchema,REFERENCED_TABLE_SCHEMA as referencedTableCatalog,REFERENCED_TABLE_NAME as referencedTableName,REFERENCED_COLUMN_NAME as referencedColumnName FROM INFORMATION_SCHEMA.KEY_COLUMN_USAGE where TABLE_NAME = 'user_fields' AND CONSTRAINT_NAME!='PRIMARY' AND CONSTRAINT_SCHEMA='discord_server' AND REFERENCED_TABLE_NAME IS NOT NULL;
[2022-04-26T22:03:29.856] [DEBUG] default - Executing (default): ALTER TABLE `user_fields` CHANGE `near_wallet_id` `near_wallet_id` VARCHAR(255) NOT NULL;
[2022-04-26T22:03:29.870] [DEBUG] default - Executing (default): ALTER TABLE `user_fields` CHANGE `key` `key` VARCHAR(255) NOT NULL;
[2022-04-26T22:03:29.882] [DEBUG] default - Executing (default): ALTER TABLE `user_fields` CHANGE `value` `value` VARCHAR(255) NOT NULL;
[2022-04-26T22:03:29.895] [DEBUG] default - Executing (default): ALTER TABLE `user_fields` CHANGE `createdAt` `createdAt` DATETIME NOT NULL;
[2022-04-26T22:03:29.907] [DEBUG] default - Executing (default): ALTER TABLE `user_fields` CHANGE `updatedAt` `updatedAt` DATETIME NOT NULL;
[2022-04-26T22:03:29.920] [DEBUG] default - Executing (default): SHOW INDEX FROM `user_fields`
[2022-04-26T22:03:29.933] [INFO] default - Sync models to mysql finished.
[2022-04-26T22:03:30.966] [INFO] default - Ready! Logged in as Guide Bot#6981
[2022-04-26T22:03:35.156] [DEBUG] default - {
  data: SlashCommandBuilder {
    options: [],
    name: 'set_rule',
    name_localizations: undefined,
    description: 'Replies the server info',
    description_localizations: undefined,
    defaultPermission: undefined
  },
  execute: [AsyncFunction: execute]
}
[2022-04-26T22:03:35.159] [DEBUG] default - 0xJZ#0770 in #0xjzs-server triggered an interaction.
[2022-04-26T22:08:34.380] [ERROR] default - [Function: error]
[2022-04-26T22:08:34.523] [DEBUG] default - Executing (default): SELECT 1+1 AS result
[2022-04-26T22:08:34.535] [INFO] default - Connection with mysql has been established successfully.
[2022-04-26T22:08:34.906] [INFO] default - Successfully registered application commands.
[2022-04-26T22:08:51.157] [ERROR] default - [Function: error]
[2022-04-26T22:08:51.304] [DEBUG] default - Executing (default): SELECT 1+1 AS result
[2022-04-26T22:08:51.318] [INFO] default - Connection with mysql has been established successfully.
[2022-04-26T22:08:51.512] [INFO] default - Successfully registered application commands.
[2022-04-26T22:11:09.018] [ERROR] default - [Function: error]
[2022-04-26T22:11:09.512] [INFO] default - Successfully registered application commands.
[2022-04-26T22:11:53.448] [INFO] default - Start to sync all of the models... If the models already exists, it will not sync.
[2022-04-26T22:11:53.907] [DEBUG] default - Executing (default): SELECT 1+1 AS result
[2022-04-26T22:11:53.909] [DEBUG] default - Executing (default): CREATE TABLE IF NOT EXISTS `rules` (`id` INTEGER NOT NULL auto_increment , `role_id` VARCHAR(255) NOT NULL, `guild_id` VARCHAR(255) NOT NULL, `token_id` VARCHAR(255) NOT NULL, `amount` VARCHAR(255) NOT NULL, `createdAt` DATETIME NOT NULL, `updatedAt` DATETIME NOT NULL, PRIMARY KEY (`id`)) ENGINE=InnoDB;
[2022-04-26T22:11:53.921] [INFO] default - Connection with mysql has been established successfully.
[2022-04-26T22:11:53.924] [DEBUG] default - Executing (default): SHOW FULL COLUMNS FROM `rules`;
[2022-04-26T22:11:53.925] [DEBUG] default - Executing (default): SELECT CONSTRAINT_NAME as constraint_name,CONSTRAINT_NAME as constraintName,CONSTRAINT_SCHEMA as constraintSchema,CONSTRAINT_SCHEMA as constraintCatalog,TABLE_NAME as tableName,TABLE_SCHEMA as tableSchema,TABLE_SCHEMA as tableCatalog,COLUMN_NAME as columnName,REFERENCED_TABLE_SCHEMA as referencedTableSchema,REFERENCED_TABLE_SCHEMA as referencedTableCatalog,REFERENCED_TABLE_NAME as referencedTableName,REFERENCED_COLUMN_NAME as referencedColumnName FROM INFORMATION_SCHEMA.KEY_COLUMN_USAGE where TABLE_NAME = 'rules' AND CONSTRAINT_NAME!='PRIMARY' AND CONSTRAINT_SCHEMA='discord_server' AND REFERENCED_TABLE_NAME IS NOT NULL;
[2022-04-26T22:11:53.940] [DEBUG] default - Executing (default): ALTER TABLE `rules` CHANGE `role_id` `role_id` VARCHAR(255) NOT NULL;
[2022-04-26T22:11:53.955] [DEBUG] default - Executing (default): ALTER TABLE `rules` CHANGE `guild_id` `guild_id` VARCHAR(255) NOT NULL;
[2022-04-26T22:11:53.970] [DEBUG] default - Executing (default): ALTER TABLE `rules` CHANGE `token_id` `token_id` VARCHAR(255) NOT NULL;
[2022-04-26T22:11:53.986] [DEBUG] default - Executing (default): ALTER TABLE `rules` CHANGE `amount` `amount` VARCHAR(255) NOT NULL;
[2022-04-26T22:11:54.001] [DEBUG] default - Executing (default): ALTER TABLE `rules` CHANGE `createdAt` `createdAt` DATETIME NOT NULL;
[2022-04-26T22:11:54.015] [DEBUG] default - Executing (default): ALTER TABLE `rules` CHANGE `updatedAt` `updatedAt` DATETIME NOT NULL;
[2022-04-26T22:11:54.029] [DEBUG] default - Executing (default): SHOW INDEX FROM `rules`
[2022-04-26T22:11:54.043] [DEBUG] default - Executing (default): CREATE TABLE IF NOT EXISTS `user_infos` (`id` INTEGER NOT NULL auto_increment , `user_id` VARCHAR(255) NOT NULL, `guild_id` VARCHAR(255) NOT NULL, `near_wallet_id` VARCHAR(255), `nonce` BIGINT NOT NULL, `createdAt` DATETIME NOT NULL, `updatedAt` DATETIME NOT NULL, PRIMARY KEY (`id`)) ENGINE=InnoDB;
[2022-04-26T22:11:54.056] [DEBUG] default - Executing (default): SHOW FULL COLUMNS FROM `user_infos`;
[2022-04-26T22:11:54.057] [DEBUG] default - Executing (default): SELECT CONSTRAINT_NAME as constraint_name,CONSTRAINT_NAME as constraintName,CONSTRAINT_SCHEMA as constraintSchema,CONSTRAINT_SCHEMA as constraintCatalog,TABLE_NAME as tableName,TABLE_SCHEMA as tableSchema,TABLE_SCHEMA as tableCatalog,COLUMN_NAME as columnName,REFERENCED_TABLE_SCHEMA as referencedTableSchema,REFERENCED_TABLE_SCHEMA as referencedTableCatalog,REFERENCED_TABLE_NAME as referencedTableName,REFERENCED_COLUMN_NAME as referencedColumnName FROM INFORMATION_SCHEMA.KEY_COLUMN_USAGE where TABLE_NAME = 'user_infos' AND CONSTRAINT_NAME!='PRIMARY' AND CONSTRAINT_SCHEMA='discord_server' AND REFERENCED_TABLE_NAME IS NOT NULL;
[2022-04-26T22:11:54.073] [DEBUG] default - Executing (default): ALTER TABLE `user_infos` CHANGE `user_id` `user_id` VARCHAR(255) NOT NULL;
[2022-04-26T22:11:54.088] [DEBUG] default - Executing (default): ALTER TABLE `user_infos` CHANGE `guild_id` `guild_id` VARCHAR(255) NOT NULL;
[2022-04-26T22:11:54.102] [DEBUG] default - Executing (default): ALTER TABLE `user_infos` CHANGE `near_wallet_id` `near_wallet_id` VARCHAR(255);
[2022-04-26T22:11:54.116] [DEBUG] default - Executing (default): ALTER TABLE `user_infos` CHANGE `nonce` `nonce` BIGINT NOT NULL;
[2022-04-26T22:11:54.130] [DEBUG] default - Executing (default): ALTER TABLE `user_infos` CHANGE `createdAt` `createdAt` DATETIME NOT NULL;
[2022-04-26T22:11:54.144] [DEBUG] default - Executing (default): ALTER TABLE `user_infos` CHANGE `updatedAt` `updatedAt` DATETIME NOT NULL;
[2022-04-26T22:11:54.159] [DEBUG] default - Executing (default): SHOW INDEX FROM `user_infos`
[2022-04-26T22:11:54.173] [DEBUG] default - Executing (default): CREATE TABLE IF NOT EXISTS `user_fields` (`id` INTEGER NOT NULL auto_increment , `near_wallet_id` VARCHAR(255) NOT NULL, `key` VARCHAR(255) NOT NULL, `value` VARCHAR(255) NOT NULL, `createdAt` DATETIME NOT NULL, `updatedAt` DATETIME NOT NULL, PRIMARY KEY (`id`)) ENGINE=InnoDB;
[2022-04-26T22:11:54.187] [DEBUG] default - Executing (default): SHOW FULL COLUMNS FROM `user_fields`;
[2022-04-26T22:11:54.188] [DEBUG] default - Executing (default): SELECT CONSTRAINT_NAME as constraint_name,CONSTRAINT_NAME as constraintName,CONSTRAINT_SCHEMA as constraintSchema,CONSTRAINT_SCHEMA as constraintCatalog,TABLE_NAME as tableName,TABLE_SCHEMA as tableSchema,TABLE_SCHEMA as tableCatalog,COLUMN_NAME as columnName,REFERENCED_TABLE_SCHEMA as referencedTableSchema,REFERENCED_TABLE_SCHEMA as referencedTableCatalog,REFERENCED_TABLE_NAME as referencedTableName,REFERENCED_COLUMN_NAME as referencedColumnName FROM INFORMATION_SCHEMA.KEY_COLUMN_USAGE where TABLE_NAME = 'user_fields' AND CONSTRAINT_NAME!='PRIMARY' AND CONSTRAINT_SCHEMA='discord_server' AND REFERENCED_TABLE_NAME IS NOT NULL;
[2022-04-26T22:11:54.202] [DEBUG] default - Executing (default): ALTER TABLE `user_fields` CHANGE `near_wallet_id` `near_wallet_id` VARCHAR(255) NOT NULL;
[2022-04-26T22:11:54.216] [DEBUG] default - Executing (default): ALTER TABLE `user_fields` CHANGE `key` `key` VARCHAR(255) NOT NULL;
[2022-04-26T22:11:54.231] [DEBUG] default - Executing (default): ALTER TABLE `user_fields` CHANGE `value` `value` VARCHAR(255) NOT NULL;
[2022-04-26T22:11:54.245] [DEBUG] default - Executing (default): ALTER TABLE `user_fields` CHANGE `createdAt` `createdAt` DATETIME NOT NULL;
[2022-04-26T22:11:54.259] [DEBUG] default - Executing (default): ALTER TABLE `user_fields` CHANGE `updatedAt` `updatedAt` DATETIME NOT NULL;
[2022-04-26T22:11:54.275] [DEBUG] default - Executing (default): SHOW INDEX FROM `user_fields`
[2022-04-26T22:11:54.287] [INFO] default - Sync models to mysql finished.
[2022-04-26T22:11:54.745] [INFO] default - Ready! Logged in as Guide Bot#6981
[2022-04-26T22:12:30.830] [INFO] default - Start to sync all of the models... If the models already exists, it will not sync.
[2022-04-26T22:12:31.329] [DEBUG] default - Executing (default): SELECT 1+1 AS result
[2022-04-26T22:12:31.332] [DEBUG] default - Executing (default): CREATE TABLE IF NOT EXISTS `rules` (`id` INTEGER NOT NULL auto_increment , `role_id` VARCHAR(255) NOT NULL, `guild_id` VARCHAR(255) NOT NULL, `token_id` VARCHAR(255) NOT NULL, `amount` VARCHAR(255) NOT NULL, `createdAt` DATETIME NOT NULL, `updatedAt` DATETIME NOT NULL, PRIMARY KEY (`id`)) ENGINE=InnoDB;
[2022-04-26T22:12:31.344] [INFO] default - Connection with mysql has been established successfully.
[2022-04-26T22:12:31.349] [DEBUG] default - Executing (default): SHOW FULL COLUMNS FROM `rules`;
[2022-04-26T22:12:31.351] [DEBUG] default - Executing (default): SELECT CONSTRAINT_NAME as constraint_name,CONSTRAINT_NAME as constraintName,CONSTRAINT_SCHEMA as constraintSchema,CONSTRAINT_SCHEMA as constraintCatalog,TABLE_NAME as tableName,TABLE_SCHEMA as tableSchema,TABLE_SCHEMA as tableCatalog,COLUMN_NAME as columnName,REFERENCED_TABLE_SCHEMA as referencedTableSchema,REFERENCED_TABLE_SCHEMA as referencedTableCatalog,REFERENCED_TABLE_NAME as referencedTableName,REFERENCED_COLUMN_NAME as referencedColumnName FROM INFORMATION_SCHEMA.KEY_COLUMN_USAGE where TABLE_NAME = 'rules' AND CONSTRAINT_NAME!='PRIMARY' AND CONSTRAINT_SCHEMA='discord_server' AND REFERENCED_TABLE_NAME IS NOT NULL;
[2022-04-26T22:12:31.370] [DEBUG] default - Executing (default): ALTER TABLE `rules` CHANGE `role_id` `role_id` VARCHAR(255) NOT NULL;
[2022-04-26T22:12:31.388] [DEBUG] default - Executing (default): ALTER TABLE `rules` CHANGE `guild_id` `guild_id` VARCHAR(255) NOT NULL;
[2022-04-26T22:12:31.404] [DEBUG] default - Executing (default): ALTER TABLE `rules` CHANGE `token_id` `token_id` VARCHAR(255) NOT NULL;
[2022-04-26T22:12:31.419] [DEBUG] default - Executing (default): ALTER TABLE `rules` CHANGE `amount` `amount` VARCHAR(255) NOT NULL;
[2022-04-26T22:12:31.434] [DEBUG] default - Executing (default): ALTER TABLE `rules` CHANGE `createdAt` `createdAt` DATETIME NOT NULL;
[2022-04-26T22:12:31.451] [DEBUG] default - Executing (default): ALTER TABLE `rules` CHANGE `updatedAt` `updatedAt` DATETIME NOT NULL;
[2022-04-26T22:12:31.469] [DEBUG] default - Executing (default): SHOW INDEX FROM `rules`
[2022-04-26T22:12:31.490] [DEBUG] default - Executing (default): CREATE TABLE IF NOT EXISTS `user_infos` (`id` INTEGER NOT NULL auto_increment , `user_id` VARCHAR(255) NOT NULL, `guild_id` VARCHAR(255) NOT NULL, `near_wallet_id` VARCHAR(255), `nonce` BIGINT NOT NULL, `createdAt` DATETIME NOT NULL, `updatedAt` DATETIME NOT NULL, PRIMARY KEY (`id`)) ENGINE=InnoDB;
[2022-04-26T22:12:31.508] [DEBUG] default - Executing (default): SHOW FULL COLUMNS FROM `user_infos`;
[2022-04-26T22:12:31.510] [DEBUG] default - Executing (default): SELECT CONSTRAINT_NAME as constraint_name,CONSTRAINT_NAME as constraintName,CONSTRAINT_SCHEMA as constraintSchema,CONSTRAINT_SCHEMA as constraintCatalog,TABLE_NAME as tableName,TABLE_SCHEMA as tableSchema,TABLE_SCHEMA as tableCatalog,COLUMN_NAME as columnName,REFERENCED_TABLE_SCHEMA as referencedTableSchema,REFERENCED_TABLE_SCHEMA as referencedTableCatalog,REFERENCED_TABLE_NAME as referencedTableName,REFERENCED_COLUMN_NAME as referencedColumnName FROM INFORMATION_SCHEMA.KEY_COLUMN_USAGE where TABLE_NAME = 'user_infos' AND CONSTRAINT_NAME!='PRIMARY' AND CONSTRAINT_SCHEMA='discord_server' AND REFERENCED_TABLE_NAME IS NOT NULL;
[2022-04-26T22:12:31.526] [DEBUG] default - Executing (default): ALTER TABLE `user_infos` CHANGE `user_id` `user_id` VARCHAR(255) NOT NULL;
[2022-04-26T22:12:31.545] [DEBUG] default - Executing (default): ALTER TABLE `user_infos` CHANGE `guild_id` `guild_id` VARCHAR(255) NOT NULL;
[2022-04-26T22:12:31.570] [DEBUG] default - Executing (default): ALTER TABLE `user_infos` CHANGE `near_wallet_id` `near_wallet_id` VARCHAR(255);
[2022-04-26T22:12:31.589] [DEBUG] default - Executing (default): ALTER TABLE `user_infos` CHANGE `nonce` `nonce` BIGINT NOT NULL;
[2022-04-26T22:12:31.605] [DEBUG] default - Executing (default): ALTER TABLE `user_infos` CHANGE `createdAt` `createdAt` DATETIME NOT NULL;
[2022-04-26T22:12:31.621] [DEBUG] default - Executing (default): ALTER TABLE `user_infos` CHANGE `updatedAt` `updatedAt` DATETIME NOT NULL;
[2022-04-26T22:12:31.637] [DEBUG] default - Executing (default): SHOW INDEX FROM `user_infos`
[2022-04-26T22:12:31.663] [DEBUG] default - Executing (default): CREATE TABLE IF NOT EXISTS `user_fields` (`id` INTEGER NOT NULL auto_increment , `near_wallet_id` VARCHAR(255) NOT NULL, `key` VARCHAR(255) NOT NULL, `value` VARCHAR(255) NOT NULL, `createdAt` DATETIME NOT NULL, `updatedAt` DATETIME NOT NULL, PRIMARY KEY (`id`)) ENGINE=InnoDB;
[2022-04-26T22:12:31.687] [DEBUG] default - Executing (default): SHOW FULL COLUMNS FROM `user_fields`;
[2022-04-26T22:12:31.688] [DEBUG] default - Executing (default): SELECT CONSTRAINT_NAME as constraint_name,CONSTRAINT_NAME as constraintName,CONSTRAINT_SCHEMA as constraintSchema,CONSTRAINT_SCHEMA as constraintCatalog,TABLE_NAME as tableName,TABLE_SCHEMA as tableSchema,TABLE_SCHEMA as tableCatalog,COLUMN_NAME as columnName,REFERENCED_TABLE_SCHEMA as referencedTableSchema,REFERENCED_TABLE_SCHEMA as referencedTableCatalog,REFERENCED_TABLE_NAME as referencedTableName,REFERENCED_COLUMN_NAME as referencedColumnName FROM INFORMATION_SCHEMA.KEY_COLUMN_USAGE where TABLE_NAME = 'user_fields' AND CONSTRAINT_NAME!='PRIMARY' AND CONSTRAINT_SCHEMA='discord_server' AND REFERENCED_TABLE_NAME IS NOT NULL;
[2022-04-26T22:12:31.717] [DEBUG] default - Executing (default): ALTER TABLE `user_fields` CHANGE `near_wallet_id` `near_wallet_id` VARCHAR(255) NOT NULL;
[2022-04-26T22:12:31.755] [DEBUG] default - Executing (default): ALTER TABLE `user_fields` CHANGE `key` `key` VARCHAR(255) NOT NULL;
[2022-04-26T22:12:31.771] [DEBUG] default - Executing (default): ALTER TABLE `user_fields` CHANGE `value` `value` VARCHAR(255) NOT NULL;
[2022-04-26T22:12:31.784] [DEBUG] default - Executing (default): ALTER TABLE `user_fields` CHANGE `createdAt` `createdAt` DATETIME NOT NULL;
[2022-04-26T22:12:31.799] [DEBUG] default - Executing (default): ALTER TABLE `user_fields` CHANGE `updatedAt` `updatedAt` DATETIME NOT NULL;
[2022-04-26T22:12:31.813] [DEBUG] default - Executing (default): SHOW INDEX FROM `user_fields`
[2022-04-26T22:12:31.824] [INFO] default - Sync models to mysql finished.
[2022-04-26T22:12:32.286] [INFO] default - Ready! Logged in as Guide Bot#6981
[2022-04-26T22:14:11.383] [INFO] default - Successfully registered application commands.
[2022-04-26T22:15:02.551] [DEBUG] default - Executing (default): SELECT 1+1 AS result
[2022-04-26T22:15:02.563] [INFO] default - Connection with mysql has been established successfully.
[2022-04-26T22:15:02.971] [INFO] default - Successfully registered application commands.
